Namespace(R=16, data='cifar10', device='cpu', epsilon=4, eval=False, exp_name='jopeq', gamma=1.7748239349298847, global_epochs=95, lattice_dim=2, local_epochs=1, local_iterations=100, lr=0.01, lr_scheduler=True, model='cnn2', momentum=0.5, norm_mean=0.5, norm_std=0.5, nu=4, num_class=10, num_users=30, optimizer='sgd', privacy=True, privacy_noise='jopeq_vector', quantization=True, seed=1234, sigma_squared=0.2, test_batch_size=1000, train_batch_size=16, vec_normalization=True)
Namespace(R=16, data='cifar10', device='cpu', epsilon=4, eval=False, exp_name='jopeq', gamma=1.7748239349298847, global_epochs=95, lattice_dim=2, local_epochs=1, local_iterations=100, lr=0.01, lr_scheduler=True, model='cnn2', momentum=0.5, norm_mean=0.5, norm_std=0.5, nu=4, num_class=10, num_users=30, optimizer='sgd', privacy=True, privacy_noise='jopeq_vector', quantization=True, seed=1234, sigma_squared=0.2, test_batch_size=1000, train_batch_size=16, vec_normalization=True)
Namespace(R=16, data='cifar10', device='cpu', epsilon=4, eval=False, exp_name='jopeq', gamma=1.7748239349298847, global_epochs=95, lattice_dim=2, local_epochs=1, local_iterations=100, lr=0.01, lr_scheduler=True, model='simpleCNN', momentum=0.5, norm_mean=0.5, norm_std=0.5, nu=4, num_class=10, num_users=30, optimizer='sgd', privacy=True, privacy_noise='jopeq_vector', quantization=True, seed=1234, sigma_squared=0.2, test_batch_size=1000, train_batch_size=16, vec_normalization=True)
=================================================================
Layer (type:depth-idx)                   Param #
=================================================================
simpleCNN                                --
├─Conv2d: 1-1                            456
├─Conv2d: 1-2                            906
├─Linear: 1-3                            7,550
├─Linear: 1-4                            510
=================================================================
Total params: 9,422
Trainable params: 9,422
Non-trainable params: 0
=================================================================
epoch: 0 | train_loss: 2.30 | val_acc: 11% | 
Namespace(R=16, data='cifar10', device='cpu', epsilon=4, eval=False, exp_name='jopeq', gamma=1.7748239349298847, global_epochs=95, lattice_dim=2, local_epochs=1, local_iterations=100, lr=0.01, lr_scheduler=True, model='ResNet18', momentum=0.5, norm_mean=0.5, norm_std=0.5, nu=4, num_class=10, num_users=30, optimizer='sgd', privacy=True, privacy_noise='jopeq_vector', quantization=True, seed=1234, sigma_squared=0.2, test_batch_size=1000, train_batch_size=16, vec_normalization=True)
Namespace(R=16, data='cifar10', device='cpu', epsilon=4, eval=False, exp_name='jopeq', gamma=1.7748239349298847, global_epochs=95, lattice_dim=2, local_epochs=1, local_iterations=100, lr=0.01, lr_scheduler=True, model='ResNet18', momentum=0.5, norm_mean=0.5, norm_std=0.5, nu=4, num_class=10, num_users=30, optimizer='sgd', privacy=True, privacy_noise='jopeq_vector', quantization=True, seed=1234, sigma_squared=0.2, test_batch_size=1000, train_batch_size=16, vec_normalization=True)
Namespace(R=16, data='cifar10', device='cpu', epsilon=4, eval=False, exp_name='jopeq', gamma=1.7748239349298847, global_epochs=95, lattice_dim=2, local_epochs=1, local_iterations=100, lr=0.01, lr_scheduler=True, model='ResNet18', momentum=0.5, norm_mean=0.5, norm_std=0.5, nu=4, num_class=10, num_users=30, optimizer='sgd', privacy=True, privacy_noise='jopeq_vector', quantization=True, seed=1234, sigma_squared=0.2, test_batch_size=1000, train_batch_size=16, vec_normalization=True)
Namespace(R=16, data='cifar10', device='cpu', epsilon=4, eval=False, exp_name='jopeq', gamma=1.7748239349298847, global_epochs=95, lattice_dim=2, local_epochs=1, local_iterations=100, lr=0.01, lr_scheduler=True, model='ResNet18', momentum=0.5, norm_mean=0.5, norm_std=0.5, nu=4, num_class=10, num_users=30, optimizer='sgd', privacy=True, privacy_noise='jopeq_vector', quantization=True, seed=1234, sigma_squared=0.2, test_batch_size=1000, train_batch_size=16, vec_normalization=True)
Namespace(R=16, data='cifar10', device='cpu', epsilon=4, eval=False, exp_name='jopeq', gamma=1.7748239349298847, global_epochs=95, lattice_dim=2, local_epochs=1, local_iterations=100, lr=0.01, lr_scheduler=True, model='ResNet18', momentum=0.5, norm_mean=0.5, norm_std=0.5, nu=4, num_class=10, num_users=30, optimizer='sgd', privacy=True, privacy_noise='jopeq_vector', quantization=True, seed=1234, sigma_squared=0.2, test_batch_size=1000, train_batch_size=16, vec_normalization=True)
Namespace(R=16, data='cifar10', device='cpu', epsilon=4, eval=False, exp_name='jopeq', gamma=1.7748239349298847, global_epochs=95, lattice_dim=2, local_epochs=1, local_iterations=100, lr=0.01, lr_scheduler=True, model='ResNet18', momentum=0.5, norm_mean=0.5, norm_std=0.5, nu=4, num_class=10, num_users=30, optimizer='sgd', privacy=True, privacy_noise='jopeq_vector', quantization=True, seed=1234, sigma_squared=0.2, test_batch_size=1000, train_batch_size=16, vec_normalization=True)
Namespace(R=16, data='cifar10', device='cpu', epsilon=4, eval=False, exp_name='jopeq', gamma=1.7748239349298847, global_epochs=95, lattice_dim=2, local_epochs=1, local_iterations=100, lr=0.01, lr_scheduler=True, model='ResNet18', momentum=0.5, norm_mean=0.5, norm_std=0.5, nu=4, num_class=10, num_users=30, optimizer='sgd', privacy=True, privacy_noise='jopeq_vector', quantization=True, seed=1234, sigma_squared=0.2, test_batch_size=1000, train_batch_size=16, vec_normalization=True)
Namespace(R=16, data='cifar10', device='cpu', epsilon=4, eval=False, exp_name='jopeq', gamma=1.7748239349298847, global_epochs=95, lattice_dim=2, local_epochs=1, local_iterations=100, lr=0.01, lr_scheduler=True, model='resnet18', momentum=0.5, norm_mean=0.5, norm_std=0.5, nu=4, num_class=10, num_users=30, optimizer='sgd', privacy=True, privacy_noise='jopeq_vector', quantization=True, seed=1234, sigma_squared=0.2, test_batch_size=1000, train_batch_size=16, vec_normalization=True)
=================================================================
Layer (type:depth-idx)                   Param #
=================================================================
ResNet                                   --
├─Conv2d: 1-1                            1,728
├─BatchNorm2d: 1-2                       128
├─Sequential: 1-3                        --
│    └─BasicBlock: 2-1                   --
│    │    └─Conv2d: 3-1                  36,864
│    │    └─BatchNorm2d: 3-2             128
│    │    └─Conv2d: 3-3                  36,864
│    │    └─BatchNorm2d: 3-4             128
│    │    └─Sequential: 3-5              --
│    └─BasicBlock: 2-2                   --
│    │    └─Conv2d: 3-6                  36,864
│    │    └─BatchNorm2d: 3-7             128
│    │    └─Conv2d: 3-8                  36,864
│    │    └─BatchNorm2d: 3-9             128
│    │    └─Sequential: 3-10             --
├─Sequential: 1-4                        --
│    └─BasicBlock: 2-3                   --
│    │    └─Conv2d: 3-11                 73,728
│    │    └─BatchNorm2d: 3-12            256
│    │    └─Conv2d: 3-13                 147,456
│    │    └─BatchNorm2d: 3-14            256
│    │    └─Sequential: 3-15             8,448
│    └─BasicBlock: 2-4                   --
│    │    └─Conv2d: 3-16                 147,456
│    │    └─BatchNorm2d: 3-17            256
│    │    └─Conv2d: 3-18                 147,456
│    │    └─BatchNorm2d: 3-19            256
│    │    └─Sequential: 3-20             --
├─Sequential: 1-5                        --
│    └─BasicBlock: 2-5                   --
│    │    └─Conv2d: 3-21                 294,912
│    │    └─BatchNorm2d: 3-22            512
│    │    └─Conv2d: 3-23                 589,824
│    │    └─BatchNorm2d: 3-24            512
│    │    └─Sequential: 3-25             33,280
│    └─BasicBlock: 2-6                   --
│    │    └─Conv2d: 3-26                 589,824
│    │    └─BatchNorm2d: 3-27            512
│    │    └─Conv2d: 3-28                 589,824
│    │    └─BatchNorm2d: 3-29            512
│    │    └─Sequential: 3-30             --
├─Sequential: 1-6                        --
│    └─BasicBlock: 2-7                   --
│    │    └─Conv2d: 3-31                 1,179,648
│    │    └─BatchNorm2d: 3-32            1,024
│    │    └─Conv2d: 3-33                 2,359,296
│    │    └─BatchNorm2d: 3-34            1,024
│    │    └─Sequential: 3-35             132,096
│    └─BasicBlock: 2-8                   --
│    │    └─Conv2d: 3-36                 2,359,296
│    │    └─BatchNorm2d: 3-37            1,024
│    │    └─Conv2d: 3-38                 2,359,296
│    │    └─BatchNorm2d: 3-39            1,024
│    │    └─Sequential: 3-40             --
├─Linear: 1-7                            5,130
=================================================================
Total params: 11,173,962
Trainable params: 11,173,962
Non-trainable params: 0
=================================================================
